<?xml version="1.0" encoding="UTF-8"?>
<!-- Generated by org.testng.reporters.JUnitReportReporter -->
<testsuite skipped="0" hostname="Vishwa_Reddy" name="in.licious.test.InvalidLogin" tests="1" failures="0" timestamp="02 Feb 2018 15:15:46 GMT" time="33.763" errors="0">
  <testcase name="testInvalidLogin" time="33.763" classname="in.licious.test.InvalidLogin"/>
</testsuite> <!-- in.licious.test.InvalidLogin -->
