<?xml version="1.0" encoding="UTF-8"?>
<!-- Generated by org.testng.reporters.JUnitReportReporter -->
<testsuite skipped="0" hostname="Vishwa_Reddy" name="in.licious.test.ValidLoginTest" tests="1" failures="0" timestamp="03 Feb 2018 10:54:31 GMT" time="25.384" errors="0">
  <testcase name="testValidLoginTest1" time="25.384" classname="in.licious.test.ValidLoginTest"/>
</testsuite> <!-- in.licious.test.ValidLoginTest -->
