<?xml version="1.0" encoding="UTF-8"?>
<!-- Generated by org.testng.reporters.JUnitReportReporter -->
<testsuite skipped="0" hostname="PF0Q7VST-BLR" name="in.licious.test.ValidLoginTest" tests="1" failures="0" timestamp="09 Mar 2018 02:41:39 GMT" time="15.672" errors="0">
  <testcase name="testValidLoginTest1" time="15.672" classname="in.licious.test.ValidLoginTest"/>
</testsuite> <!-- in.licious.test.ValidLoginTest -->
